<?xml version="1.0" encoding="UTF-8"?>
<!-- Generated by org.testng.reporters.JUnitXMLReporter -->
<testsuite ignored="0" hostname="Rabbit" failures="0" tests="3" name="Regression suite 1" time="42.847" errors="0" timestamp="08 Oct 2018 13:22:24 GMT">
  <testcase classname="com.testclasses.ClearTripFlightBookingTest" name="test" time="4.005"/>
  <testcase classname="com.testclasses.ClearTripHotelBookingTest" name="test" time="11.243"/>
  <testcase classname="com.testclasses.ClearTripSignInTest" name="test" time="3.457"/>
</testsuite> <!-- Regression suite 1 -->
