<?xml version="1.0" encoding="UTF-8"?>
<!-- Generated by org.testng.reporters.JUnitXMLReporter -->
<testsuite ignored="0" hostname="Rabbit" failures="0" tests="3" name="Regression suite 1" time="43.752" errors="0" timestamp="08 Oct 2018 12:37:21 GMT">
  <testcase classname="com.testclasses.ClearTripFlightBookingTest" name="test" time="4.786"/>
  <testcase classname="com.testclasses.ClearTripHotelBookingTest" name="test" time="11.691"/>
  <testcase classname="com.testclasses.ClearTripSignInTest" name="test" time="2.516"/>
</testsuite> <!-- Regression suite 1 -->
