<?xml version="1.0" encoding="UTF-8"?>
<testng-results ignored="0" total="3" passed="3" failed="0" skipped="0">
  <reporter-output>
  </reporter-output>
  <suite started-at="2018-10-08T13:21:41Z" name="example suite 1" finished-at="2018-10-08T13:22:24Z" duration-ms="42847">
    <groups>
    </groups>
    <test started-at="2018-10-08T13:21:41Z" name="Regression suite 1" finished-at="2018-10-08T13:22:24Z" duration-ms="42847">
      <class name="com.testclasses.ClearTripHotelBookingTest">
        <test-method is-config="true" signature="setUP()[pri:0, instance:com.testclasses.ClearTripHotelBookingTest@157853da]" started-at="2018-10-08T18:51:54Z" name="setUP" finished-at="2018-10-08T18:52:01Z" duration-ms="7498" status="PASS">
          <reporter-output>
          </reporter-output>
        </test-method> <!-- setUP -->
        <test-method signature="test()[pri:0, instance:com.testclasses.ClearTripHotelBookingTest@157853da]" started-at="2018-10-08T18:52:01Z" name="test" finished-at="2018-10-08T18:52:13Z" duration-ms="11243" status="PASS">
          <reporter-output>
          </reporter-output>
        </test-method> <!-- test -->
        <test-method is-config="true" signature="tearDown()[pri:0, instance:com.testclasses.ClearTripHotelBookingTest@157853da]" started-at="2018-10-08T18:52:13Z" name="tearDown" finished-at="2018-10-08T18:52:13Z" duration-ms="839" status="PASS">
          <reporter-output>
          </reporter-output>
        </test-method> <!-- tearDown -->
      </class> <!-- com.testclasses.ClearTripHotelBookingTest -->
      <class name="com.testclasses.ClearTripSignInTest">
        <test-method is-config="true" signature="setUP()[pri:0, instance:com.testclasses.ClearTripSignInTest@71c3b41]" started-at="2018-10-08T18:52:13Z" name="setUP" finished-at="2018-10-08T18:52:20Z" duration-ms="6581" status="PASS">
          <reporter-output>
          </reporter-output>
        </test-method> <!-- setUP -->
        <test-method signature="test()[pri:0, instance:com.testclasses.ClearTripSignInTest@71c3b41]" started-at="2018-10-08T18:52:20Z" name="test" finished-at="2018-10-08T18:52:24Z" duration-ms="3457" status="PASS">
          <reporter-output>
          </reporter-output>
        </test-method> <!-- test -->
        <test-method is-config="true" signature="tearDown()[pri:0, instance:com.testclasses.ClearTripSignInTest@71c3b41]" started-at="2018-10-08T18:52:24Z" name="tearDown" finished-at="2018-10-08T18:52:24Z" duration-ms="776" status="PASS">
          <reporter-output>
          </reporter-output>
        </test-method> <!-- tearDown -->
      </class> <!-- com.testclasses.ClearTripSignInTest -->
      <class name="com.testclasses.ClearTripFlightBookingTest">
        <test-method is-config="true" signature="setUP()[pri:0, instance:com.testclasses.ClearTripFlightBookingTest@343570b7]" started-at="2018-10-08T18:51:41Z" name="setUP" finished-at="2018-10-08T18:51:49Z" duration-ms="7271" status="PASS">
          <reporter-output>
          </reporter-output>
        </test-method> <!-- setUP -->
        <test-method signature="test()[pri:0, instance:com.testclasses.ClearTripFlightBookingTest@343570b7]" started-at="2018-10-08T18:51:49Z" name="test" finished-at="2018-10-08T18:51:53Z" duration-ms="4005" status="PASS">
          <reporter-output>
          </reporter-output>
        </test-method> <!-- test -->
        <test-method is-config="true" signature="tearDown()[pri:0, instance:com.testclasses.ClearTripFlightBookingTest@343570b7]" started-at="2018-10-08T18:51:53Z" name="tearDown" finished-at="2018-10-08T18:51:54Z" duration-ms="1149" status="PASS">
          <reporter-output>
          </reporter-output>
        </test-method> <!-- tearDown -->
      </class> <!-- com.testclasses.ClearTripFlightBookingTest -->
    </test> <!-- Regression suite 1 -->
  </suite> <!-- example suite 1 -->
</testng-results>
